# JRE version: OpenJDK Runtime Environment (8.0_242-b01) (build 1.8.0_242-release-1644-b01)
# Java VM: OpenJDK 64-Bit Server VM (25.242-b01 mixed mode windows-amd64 compressed oops)
Heap:
 PSYoungGen      total 207360K, used 29250K [0x00000000d5580000, 0x00000000e4000000, 0x0000000100000000)
  eden space 180736K, 3% used [0x00000000d5580000,0x00000000d5c7f490,0x00000000e0600000)
  from space 26624K, 82% used [0x00000000e2600000,0x00000000e3b91398,0x00000000e4000000)
  to   space 29696K, 0% used [0x00000000e0600000,0x00000000e0600000,0x00000000e2300000)
 ParOldGen       total 237568K, used 56983K [0x0000000080000000, 0x000000008e800000, 0x00000000d5580000)
  object space 237568K, 23% used [0x0000000080000000,0x00000000837a5f30,0x000000008e800000)
 Metaspace       used 106661K, capacity 115612K, committed 116940K, reserved 1150976K
  class space    used 14082K, capacity 15545K, committed 15872K, reserved 1048576K
GC Heap History (10 events):
Event: 5380.674 GC heap before
{Heap before GC invocations=41 (full 5):
 PSYoungGen      total 236544K, used 219915K [0x00000000d5580000, 0x00000000e5980000, 0x0000000100000000)
  eden space 207872K, 100% used [0x00000000d5580000,0x00000000e2080000,0x00000000e2080000)
  from space 28672K, 42% used [0x00000000e2080000,0x00000000e2c42e88,0x00000000e3c80000)
  to   space 28672K, 0% used [0x00000000e3d80000,0x00000000e3d80000,0x00000000e5980000)
 ParOldGen       total 237568K, used 56959K [0x0000000080000000, 0x000000008e800000, 0x00000000d5580000)
  object space 237568K, 23% used [0x0000000080000000,0x000000008379ff30,0x000000008e800000)
 Metaspace       used 106309K, capacity 115258K, committed 116684K, reserved 1150976K
  class space    used 14075K, capacity 15542K, committed 15872K, reserved 1048576K
Event: 5380.701 GC heap after
Heap after GC invocations=41 (full 5):
 PSYoungGen      total 223232K, used 12027K [0x00000000d5580000, 0x00000000e5200000, 0x0000000100000000)
  eden space 202240K, 0% used [0x00000000d5580000,0x00000000d5580000,0x00000000e1b00000)
  from space 20992K, 57% used [0x00000000e3d80000,0x00000000e493ee78,0x00000000e5200000)
  to   space 28160K, 0% used [0x00000000e1b00000,0x00000000e1b00000,0x00000000e3680000)
 ParOldGen       total 237568K, used 56959K [0x0000000080000000, 0x000000008e800000, 0x00000000d5580000)
  object space 237568K, 23% used [0x0000000080000000,0x000000008379ff30,0x000000008e800000)
 Metaspace       used 106309K, capacity 115258K, committed 116684K, reserved 1150976K
  class space    used 14075K, capacity 15542K, committed 15872K, reserved 1048576K
}
Event: 5432.958 GC heap before
{Heap before GC invocations=42 (full 5):
 PSYoungGen      total 223232K, used 214267K [0x00000000d5580000, 0x00000000e5200000, 0x0000000100000000)
  eden space 202240K, 100% used [0x00000000d5580000,0x00000000e1b00000,0x00000000e1b00000)
  from space 20992K, 57% used [0x00000000e3d80000,0x00000000e493ee78,0x00000000e5200000)
  to   space 28160K, 0% used [0x00000000e1b00000,0x00000000e1b00000,0x00000000e3680000)
 ParOldGen       total 237568K, used 56959K [0x0000000080000000, 0x000000008e800000, 0x00000000d5580000)
  object space 237568K, 23% used [0x0000000080000000,0x000000008379ff30,0x000000008e800000)
 Metaspace       used 106431K, capacity 115330K, committed 116684K, reserved 1150976K
  class space    used 14075K, capacity 15542K, committed 15872K, reserved 1048576K
Event: 5432.989 GC heap after
Heap after GC invocations=42 (full 5):
 PSYoungGen      total 207360K, used 10715K [0x00000000d5580000, 0x00000000e4b80000, 0x0000000100000000)
  eden space 196608K, 0% used [0x00000000d5580000,0x00000000d5580000,0x00000000e1580000)
  from space 10752K, 99% used [0x00000000e1b00000,0x00000000e2576ec8,0x00000000e2580000)
  to   space 27648K, 0% used [0x00000000e3080000,0x00000000e3080000,0x00000000e4b80000)
 ParOldGen       total 237568K, used 56959K [0x0000000080000000, 0x000000008e800000, 0x00000000d5580000)
  object space 237568K, 23% used [0x0000000080000000,0x000000008379ff30,0x000000008e800000)
 Metaspace       used 106431K, capacity 115330K, committed 116684K, reserved 1150976K
  class space    used 14075K, capacity 15542K, committed 15872K, reserved 1048576K
}
Event: 6944.664 GC heap before
{Heap before GC invocations=43 (full 5):
 PSYoungGen      total 207360K, used 207323K [0x00000000d5580000, 0x00000000e4b80000, 0x0000000100000000)
  eden space 196608K, 100% used [0x00000000d5580000,0x00000000e1580000,0x00000000e1580000)
  from space 10752K, 99% used [0x00000000e1b00000,0x00000000e2576ec8,0x00000000e2580000)
  to   space 27648K, 0% used [0x00000000e3080000,0x00000000e3080000,0x00000000e4b80000)
 ParOldGen       total 237568K, used 56959K [0x0000000080000000, 0x000000008e800000, 0x00000000d5580000)
  object space 237568K, 23% used [0x0000000080000000,0x000000008379ff30,0x000000008e800000)
 Metaspace       used 106532K, capacity 115522K, committed 116940K, reserved 1150976K
  class space    used 14076K, capacity 15542K, committed 15872K, reserved 1048576K
Event: 6944.700 GC heap after
Heap after GC invocations=43 (full 5):
 PSYoungGen      total 212992K, used 9275K [0x00000000d5580000, 0x00000000e4600000, 0x0000000100000000)
  eden space 190976K, 0% used [0x00000000d5580000,0x00000000d5580000,0x00000000e1000000)
  from space 22016K, 42% used [0x00000000e3080000,0x00000000e398eeb8,0x00000000e4600000)
  to   space 27648K, 0% used [0x00000000e1000000,0x00000000e1000000,0x00000000e2b00000)
 ParOldGen       total 237568K, used 56967K [0x0000000080000000, 0x000000008e800000, 0x00000000d5580000)
  object space 237568K, 23% used [0x0000000080000000,0x00000000837a1f30,0x000000008e800000)
 Metaspace       used 106532K, capacity 115522K, committed 116940K, reserved 1150976K
  class space    used 14076K, capacity 15542K, committed 15872K, reserved 1048576K
}
Event: 7010.258 GC heap before
{Heap before GC invocations=44 (full 5):
 PSYoungGen      total 212992K, used 200251K [0x00000000d5580000, 0x00000000e4600000, 0x0000000100000000)
  eden space 190976K, 100% used [0x00000000d5580000,0x00000000e1000000,0x00000000e1000000)
  from space 22016K, 42% used [0x00000000e3080000,0x00000000e398eeb8,0x00000000e4600000)
  to   space 27648K, 0% used [0x00000000e1000000,0x00000000e1000000,0x00000000e2b00000)
 ParOldGen       total 237568K, used 56967K [0x0000000080000000, 0x000000008e800000, 0x00000000d5580000)
  object space 237568K, 23% used [0x0000000080000000,0x00000000837a1f30,0x000000008e800000)
 Metaspace       used 106626K, capacity 115612K, committed 116940K, reserved 1150976K
  class space    used 14081K, capacity 15545K, committed 15872K, reserved 1048576K
Event: 7010.271 GC heap after
Heap after GC invocations=44 (full 5):
 PSYoungGen      total 190464K, used 4556K [0x00000000d5580000, 0x00000000e4100000, 0x0000000100000000)
  eden space 185856K, 0% used [0x00000000d5580000,0x00000000d5580000,0x00000000e0b00000)
  from space 4608K, 98% used [0x00000000e1000000,0x00000000e14733b0,0x00000000e1480000)
  to   space 27648K, 0% used [0x00000000e2600000,0x00000000e2600000,0x00000000e4100000)
 ParOldGen       total 237568K, used 56975K [0x0000000080000000, 0x000000008e800000, 0x00000000d5580000)
  object space 237568K, 23% used [0x0000000080000000,0x00000000837a3f30,0x000000008e800000)
 Metaspace       used 106626K, capacity 115612K, committed 116940K, reserved 1150976K
  class space    used 14081K, capacity 15545K, committed 15872K, reserved 1048576K
}
Event: 7013.118 GC heap before
{Heap before GC invocations=45 (full 5):
 PSYoungGen      total 190464K, used 190412K [0x00000000d5580000, 0x00000000e4100000, 0x0000000100000000)
  eden space 185856K, 100% used [0x00000000d5580000,0x00000000e0b00000,0x00000000e0b00000)
  from space 4608K, 98% used [0x00000000e1000000,0x00000000e14733b0,0x00000000e1480000)
  to   space 27648K, 0% used [0x00000000e2600000,0x00000000e2600000,0x00000000e4100000)
 ParOldGen       total 237568K, used 56975K [0x0000000080000000, 0x000000008e800000, 0x00000000d5580000)
  object space 237568K, 23% used [0x0000000080000000,0x00000000837a3f30,0x000000008e800000)
 Metaspace       used 106657K, capacity 115612K, committed 116940K, reserved 1150976K
  class space    used 14082K, capacity 15545K, committed 15872K, reserved 1048576K
Event: 7013.177 GC heap after
Heap after GC invocations=45 (full 5):
 PSYoungGen      total 207360K, used 22084K [0x00000000d5580000, 0x00000000e4000000, 0x0000000100000000)
  eden space 180736K, 0% used [0x00000000d5580000,0x00000000d5580000,0x00000000e0600000)
  from space 26624K, 82% used [0x00000000e2600000,0x00000000e3b91398,0x00000000e4000000)
  to   space 29696K, 0% used [0x00000000e0600000,0x00000000e0600000,0x00000000e2300000)
 ParOldGen       total 237568K, used 56983K [0x0000000080000000, 0x000000008e800000, 0x00000000d5580000)
  object space 237568K, 23% used [0x0000000080000000,0x00000000837a5f30,0x000000008e800000)
 Metaspace       used 106657K, capacity 115612K, committed 116940K, reserved 1150976K
  class space    used 14082K, capacity 15545K, committed 15872K, reserved 1048576K
}

