# JRE version: OpenJDK Runtime Environment (8.0_242-b01) (build 1.8.0_242-release-1644-b01)
# Java VM: OpenJDK 64-Bit Server VM (25.242-b01 mixed mode windows-amd64 compressed oops)
Heap:
 PSYoungGen      total 115712K, used 65691K [0x00000000d5580000, 0x00000000de080000, 0x0000000100000000)
  eden space 100864K, 50% used [0x00000000d5580000,0x00000000d872ba40,0x00000000db800000)
  from space 14848K, 99% used [0x00000000dca80000,0x00000000dd8fb310,0x00000000dd900000)
  to   space 18944K, 0% used [0x00000000db800000,0x00000000db800000,0x00000000dca80000)
 ParOldGen       total 93696K, used 26615K [0x0000000080000000, 0x0000000085b80000, 0x00000000d5580000)
  object space 93696K, 28% used [0x0000000080000000,0x00000000819fdcc8,0x0000000085b80000)
 Metaspace       used 56483K, capacity 58850K, committed 59096K, reserved 1099776K
  class space    used 7602K, capacity 8113K, committed 8192K, reserved 1048576K
GC Heap History (10 events):
Event: 18.052 GC heap before
{Heap before GC invocations=12 (full 2):
 PSYoungGen      total 74240K, used 9619K [0x00000000d5580000, 0x00000000daa00000, 0x0000000100000000)
  eden space 62976K, 0% used [0x00000000d5580000,0x00000000d5580000,0x00000000d9300000)
  from space 11264K, 85% used [0x00000000d9e80000,0x00000000da7e4ef0,0x00000000da980000)
  to   space 11776K, 0% used [0x00000000d9300000,0x00000000d9300000,0x00000000d9e80000)
 ParOldGen       total 61440K, used 8872K [0x0000000080000000, 0x0000000083c00000, 0x00000000d5580000)
  object space 61440K, 14% used [0x0000000080000000,0x00000000808aa338,0x0000000083c00000)
 Metaspace       used 34109K, capacity 35404K, committed 35456K, reserved 1079296K
  class space    used 4612K, capacity 4977K, committed 4992K, reserved 1048576K
Event: 18.139 GC heap after
Heap after GC invocations=12 (full 2):
 PSYoungGen      total 74240K, used 0K [0x00000000d5580000, 0x00000000daa00000, 0x0000000100000000)
  eden space 62976K, 0% used [0x00000000d5580000,0x00000000d5580000,0x00000000d9300000)
  from space 11264K, 0% used [0x00000000d9e80000,0x00000000d9e80000,0x00000000da980000)
  to   space 11776K, 0% used [0x00000000d9300000,0x00000000d9300000,0x00000000d9e80000)
 ParOldGen       total 93696K, used 16052K [0x0000000080000000, 0x0000000085b80000, 0x00000000d5580000)
  object space 93696K, 17% used [0x0000000080000000,0x0000000080fad048,0x0000000085b80000)
 Metaspace       used 34109K, capacity 35404K, committed 35456K, reserved 1079296K
  class space    used 4612K, capacity 4977K, committed 4992K, reserved 1048576K
}
Event: 19.150 GC heap before
{Heap before GC invocations=13 (full 2):
 PSYoungGen      total 74240K, used 62976K [0x00000000d5580000, 0x00000000daa00000, 0x0000000100000000)
  eden space 62976K, 100% used [0x00000000d5580000,0x00000000d9300000,0x00000000d9300000)
  from space 11264K, 0% used [0x00000000d9e80000,0x00000000d9e80000,0x00000000da980000)
  to   space 11776K, 0% used [0x00000000d9300000,0x00000000d9300000,0x00000000d9e80000)
 ParOldGen       total 93696K, used 16052K [0x0000000080000000, 0x0000000085b80000, 0x00000000d5580000)
  object space 93696K, 17% used [0x0000000080000000,0x0000000080fad048,0x0000000085b80000)
 Metaspace       used 36821K, capacity 38432K, committed 38784K, reserved 1083392K
  class space    used 5079K, capacity 5441K, committed 5504K, reserved 1048576K
Event: 19.164 GC heap after
Heap after GC invocations=13 (full 2):
 PSYoungGen      total 74752K, used 5996K [0x00000000d5580000, 0x00000000dbb80000, 0x0000000100000000)
  eden space 62976K, 0% used [0x00000000d5580000,0x00000000d5580000,0x00000000d9300000)
  from space 11776K, 50% used [0x00000000d9300000,0x00000000d98db0a0,0x00000000d9e80000)
  to   space 11264K, 0% used [0x00000000db080000,0x00000000db080000,0x00000000dbb80000)
 ParOldGen       total 93696K, used 16060K [0x0000000080000000, 0x0000000085b80000, 0x00000000d5580000)
  object space 93696K, 17% used [0x0000000080000000,0x0000000080faf048,0x0000000085b80000)
 Metaspace       used 36821K, capacity 38432K, committed 38784K, reserved 1083392K
  class space    used 5079K, capacity 5441K, committed 5504K, reserved 1048576K
}
Event: 22.898 GC heap before
{Heap before GC invocations=14 (full 2):
 PSYoungGen      total 74752K, used 68972K [0x00000000d5580000, 0x00000000dbb80000, 0x0000000100000000)
  eden space 62976K, 100% used [0x00000000d5580000,0x00000000d9300000,0x00000000d9300000)
  from space 11776K, 50% used [0x00000000d9300000,0x00000000d98db0a0,0x00000000d9e80000)
  to   space 11264K, 0% used [0x00000000db080000,0x00000000db080000,0x00000000dbb80000)
 ParOldGen       total 93696K, used 16060K [0x0000000080000000, 0x0000000085b80000, 0x00000000d5580000)
  object space 93696K, 17% used [0x0000000080000000,0x0000000080faf048,0x0000000085b80000)
 Metaspace       used 38878K, capacity 40788K, committed 40832K, reserved 1085440K
  class space    used 5343K, capacity 5717K, committed 5760K, reserved 1048576K
Event: 22.917 GC heap after
Heap after GC invocations=14 (full 2):
 PSYoungGen      total 92160K, used 8281K [0x00000000d5580000, 0x00000000dbb80000, 0x0000000100000000)
  eden space 80896K, 0% used [0x00000000d5580000,0x00000000d5580000,0x00000000da480000)
  from space 11264K, 73% used [0x00000000db080000,0x00000000db896670,0x00000000dbb80000)
  to   space 11776K, 0% used [0x00000000da480000,0x00000000da480000,0x00000000db000000)
 ParOldGen       total 93696K, used 16068K [0x0000000080000000, 0x0000000085b80000, 0x00000000d5580000)
  object space 93696K, 17% used [0x0000000080000000,0x0000000080fb1048,0x0000000085b80000)
 Metaspace       used 38878K, capacity 40788K, committed 40832K, reserved 1085440K
  class space    used 5343K, capacity 5717K, committed 5760K, reserved 1048576K
}
Event: 27.771 GC heap before
{Heap before GC invocations=15 (full 2):
 PSYoungGen      total 92160K, used 89177K [0x00000000d5580000, 0x00000000dbb80000, 0x0000000100000000)
  eden space 80896K, 100% used [0x00000000d5580000,0x00000000da480000,0x00000000da480000)
  from space 11264K, 73% used [0x00000000db080000,0x00000000db896670,0x00000000dbb80000)
  to   space 11776K, 0% used [0x00000000da480000,0x00000000da480000,0x00000000db000000)
 ParOldGen       total 93696K, used 16068K [0x0000000080000000, 0x0000000085b80000, 0x00000000d5580000)
  object space 93696K, 17% used [0x0000000080000000,0x0000000080fb1048,0x0000000085b80000)
 Metaspace       used 47243K, capacity 49352K, committed 49664K, reserved 1091584K
  class space    used 6377K, capacity 6824K, committed 6912K, reserved 1048576K
Event: 27.833 GC heap after
Heap after GC invocations=15 (full 2):
 PSYoungGen      total 92672K, used 11751K [0x00000000d5580000, 0x00000000dd900000, 0x0000000100000000)
  eden space 80896K, 0% used [0x00000000d5580000,0x00000000d5580000,0x00000000da480000)
  from space 11776K, 99% used [0x00000000da480000,0x00000000daff9f08,0x00000000db000000)
  to   space 14848K, 0% used [0x00000000dca80000,0x00000000dca80000,0x00000000dd900000)
 ParOldGen       total 93696K, used 21066K [0x0000000080000000, 0x0000000085b80000, 0x00000000d5580000)
  object space 93696K, 22% used [0x0000000080000000,0x0000000081492bb0,0x0000000085b80000)
 Metaspace       used 47243K, capacity 49352K, committed 49664K, reserved 1091584K
  class space    used 6377K, capacity 6824K, committed 6912K, reserved 1048576K
}
Event: 32.262 GC heap before
{Heap before GC invocations=16 (full 2):
 PSYoungGen      total 92672K, used 92647K [0x00000000d5580000, 0x00000000dd900000, 0x0000000100000000)
  eden space 80896K, 100% used [0x00000000d5580000,0x00000000da480000,0x00000000da480000)
  from space 11776K, 99% used [0x00000000da480000,0x00000000daff9f08,0x00000000db000000)
  to   space 14848K, 0% used [0x00000000dca80000,0x00000000dca80000,0x00000000dd900000)
 ParOldGen       total 93696K, used 21066K [0x0000000080000000, 0x0000000085b80000, 0x00000000d5580000)
  object space 93696K, 22% used [0x0000000080000000,0x0000000081492bb0,0x0000000085b80000)
 Metaspace       used 53814K, capacity 56014K, committed 56320K, reserved 1097728K
  class space    used 7163K, capacity 7629K, committed 7680K, reserved 1048576K
Event: 32.300 GC heap after
Heap after GC invocations=16 (full 2):
 PSYoungGen      total 115712K, used 14828K [0x00000000d5580000, 0x00000000de080000, 0x0000000100000000)
  eden space 100864K, 0% used [0x00000000d5580000,0x00000000d5580000,0x00000000db800000)
  from space 14848K, 99% used [0x00000000dca80000,0x00000000dd8fb310,0x00000000dd900000)
  to   space 18944K, 0% used [0x00000000db800000,0x00000000db800000,0x00000000dca80000)
 ParOldGen       total 93696K, used 26615K [0x0000000080000000, 0x0000000085b80000, 0x00000000d5580000)
  object space 93696K, 28% used [0x0000000080000000,0x00000000819fdcc8,0x0000000085b80000)
 Metaspace       used 53814K, capacity 56014K, committed 56320K, reserved 1097728K
  class space    used 7163K, capacity 7629K, committed 7680K, reserved 1048576K
}

